c:\users\leo\source\repos\assault cube hack\assault cube hack\x64\debug\vc143.pdb
c:\users\leo\source\repos\assault cube hack\assault cube hack\x64\debug\vc143.idb
c:\users\leo\source\repos\assault cube hack\assault cube hack\x64\debug\utils.obj
c:\users\leo\source\repos\assault cube hack\assault cube hack\x64\debug\memory reader.obj
c:\users\leo\source\repos\assault cube hack\assault cube hack\x64\debug\esp.obj
c:\users\leo\source\repos\assault cube hack\assault cube hack\x64\debug\directx.obj
c:\users\leo\source\repos\assault cube hack\assault cube hack\x64\debug\assault cube hack.obj
c:\users\leo\source\repos\assault cube hack\assault cube hack\x64\debug\assault cube hack.res
c:\users\leo\source\repos\assault cube hack.\x64\debug\assault cube hack.pdb
c:\users\leo\source\repos\assault cube hack\assault cube hack\x64\debug\assault .575626a0.tlog\cl.command.1.tlog
c:\users\leo\source\repos\assault cube hack\assault cube hack\x64\debug\assault .575626a0.tlog\cl.read.1.tlog
c:\users\leo\source\repos\assault cube hack\assault cube hack\x64\debug\assault .575626a0.tlog\cl.write.1.tlog
c:\users\leo\source\repos\assault cube hack\assault cube hack\x64\debug\assault .575626a0.tlog\link-cvtres.read.1.tlog
c:\users\leo\source\repos\assault cube hack\assault cube hack\x64\debug\assault .575626a0.tlog\link-cvtres.write.1.tlog
c:\users\leo\source\repos\assault cube hack\assault cube hack\x64\debug\assault .575626a0.tlog\link-rc.read.1.tlog
c:\users\leo\source\repos\assault cube hack\assault cube hack\x64\debug\assault .575626a0.tlog\link-rc.write.1.tlog
c:\users\leo\source\repos\assault cube hack\assault cube hack\x64\debug\assault .575626a0.tlog\link.command.1.tlog
c:\users\leo\source\repos\assault cube hack\assault cube hack\x64\debug\assault .575626a0.tlog\link.read.1.tlog
c:\users\leo\source\repos\assault cube hack\assault cube hack\x64\debug\assault .575626a0.tlog\link.read.2.tlog
c:\users\leo\source\repos\assault cube hack\assault cube hack\x64\debug\assault .575626a0.tlog\link.write.1.tlog
c:\users\leo\source\repos\assault cube hack\assault cube hack\x64\debug\assault .575626a0.tlog\rc.command.1.tlog
c:\users\leo\source\repos\assault cube hack\assault cube hack\x64\debug\assault .575626a0.tlog\rc.read.1.tlog
c:\users\leo\source\repos\assault cube hack\assault cube hack\x64\debug\assault .575626a0.tlog\rc.write.1.tlog
